<?xml version="1.0" encoding="UTF-8"?>
<!-- Generated by org.testng.reporters.JUnitReportReporter -->
<testsuite hostname="DESKTOP-Q1GPS3A" failures="0" tests="1" name="TestRunner.TestRunner" time="80.270" errors="0" timestamp="2021-08-30T12:15:27 EDT" skipped="0">
  <testcase classname="TestRunner.TestRunner" name="feature" time="80.270"/>
  <system-out/>
</testsuite> <!-- TestRunner.TestRunner -->
